<?xml version="1.0" encoding="UTF-8"?>
<testng-results ignored="0" total="5" passed="4" failed="1" skipped="0">
  <reporter-output>
  </reporter-output>
  <suite started-at="2024-11-07T14:06:33 IST" name="Suite" finished-at="2024-11-07T14:07:09 IST" duration-ms="36677">
    <groups>
      <group name="ErrorHandling">
        <method signature="ErrorValidationsTest.loginErrorValidation()[pri:0, instance:swatikagalkarprojects.Tests.ErrorValidationsTest@205d38da]" name="loginErrorValidation" class="swatikagalkarprojects.Tests.ErrorValidationsTest"/>
      </group> <!-- ErrorHandling -->
      <group name="Purchase">
        <method signature="SubmitOrderTest.submitOrder(java.util.HashMap)[pri:0, instance:swatikagalkarprojects.Tests.SubmitOrderTest@3b6d844d]" name="submitOrder" class="swatikagalkarprojects.Tests.SubmitOrderTest"/>
      </group> <!-- Purchase -->
    </groups>
    <test started-at="2024-11-07T14:06:33 IST" name="Error Validations Test" finished-at="2024-11-07T14:06:52 IST" duration-ms="19227">
      <class name="swatikagalkarprojects.Tests.ErrorValidationsTest">
        <test-method is-config="true" signature="launchApplication()[pri:0, instance:swatikagalkarprojects.Tests.ErrorValidationsTest@205d38da]" started-at="2024-11-07T14:06:33 IST" name="launchApplication" finished-at="2024-11-07T14:06:35 IST" duration-ms="2642" status="PASS">
          <reporter-output>
          </reporter-output>
        </test-method> <!-- launchApplication -->
        <test-method signature="loginErrorValidation()[pri:0, instance:swatikagalkarprojects.Tests.ErrorValidationsTest@205d38da]" started-at="2024-11-07T14:06:35 IST" name="loginErrorValidation" finished-at="2024-11-07T14:06:36 IST" duration-ms="663" status="FAIL">
          <exception class="java.lang.AssertionError">
            <message>
              <![CDATA[expected [Incorrect email or password.] but found [Incorrect email or pssword.]]]>
            </message>
            <full-stacktrace>
              <![CDATA[java.lang.AssertionError: expected [Incorrect email or password.] but found [Incorrect email or pssword.]
at org.testng.Assert.fail(Assert.java:111)
at org.testng.Assert.failNotEquals(Assert.java:1578)
at org.testng.Assert.assertEqualsImpl(Assert.java:150)
at org.testng.Assert.assertEquals(Assert.java:132)
at org.testng.Assert.assertEquals(Assert.java:656)
at org.testng.Assert.assertEquals(Assert.java:666)
at swatikagalkarprojects.Tests.ErrorValidationsTest.loginErrorValidation(ErrorValidationsTest.java:24)
at java.base/jdk.internal.reflect.DirectMethodHandleAccessor.invoke(DirectMethodHandleAccessor.java:103)
at java.base/java.lang.reflect.Method.invoke(Method.java:580)
at org.testng.internal.invokers.MethodInvocationHelper.invokeMethod(MethodInvocationHelper.java:141)
at org.testng.internal.invokers.TestInvoker.invokeMethod(TestInvoker.java:686)
at org.testng.internal.invokers.TestInvoker.invokeTestMethod(TestInvoker.java:230)
at org.testng.internal.invokers.MethodRunner.runInSequence(MethodRunner.java:63)
at org.testng.internal.invokers.TestInvoker$MethodInvocationAgent.invoke(TestInvoker.java:992)
at org.testng.internal.invokers.TestInvoker.invokeTestMethods(TestInvoker.java:203)
at org.testng.internal.invokers.TestMethodWorker.invokeTestMethods(TestMethodWorker.java:154)
at org.testng.internal.invokers.TestMethodWorker.run(TestMethodWorker.java:134)
at java.base/java.util.ArrayList.forEach(ArrayList.java:1596)
at org.testng.TestRunner.privateRun(TestRunner.java:739)
at org.testng.TestRunner.run(TestRunner.java:614)
at org.testng.SuiteRunner.runTest(SuiteRunner.java:421)
at org.testng.SuiteRunner$SuiteWorker.run(SuiteRunner.java:463)
at org.testng.internal.thread.ThreadUtil.lambda$execute$0(ThreadUtil.java:64)
at java.base/java.util.concurrent.FutureTask.run(FutureTask.java:317)
at java.base/java.util.concurrent.ThreadPoolExecutor.runWorker(ThreadPoolExecutor.java:1144)
at java.base/java.util.concurrent.ThreadPoolExecutor$Worker.run(ThreadPoolExecutor.java:642)
at java.base/java.lang.Thread.run(Thread.java:1583)
]]>
            </full-stacktrace>
          </exception> <!-- java.lang.AssertionError -->
          <reporter-output>
          </reporter-output>
        </test-method> <!-- loginErrorValidation -->
        <test-method is-config="true" signature="tearDown()[pri:0, instance:swatikagalkarprojects.Tests.ErrorValidationsTest@205d38da]" started-at="2024-11-07T14:06:36 IST" name="tearDown" finished-at="2024-11-07T14:06:36 IST" duration-ms="87" status="PASS">
          <reporter-output>
          </reporter-output>
        </test-method> <!-- tearDown -->
        <test-method is-config="true" signature="launchApplication()[pri:0, instance:swatikagalkarprojects.Tests.ErrorValidationsTest@205d38da]" started-at="2024-11-07T14:06:36 IST" name="launchApplication" finished-at="2024-11-07T14:06:38 IST" duration-ms="1670" status="PASS">
          <reporter-output>
          </reporter-output>
        </test-method> <!-- launchApplication -->
        <test-method signature="productErrorValidation()[pri:0, instance:swatikagalkarprojects.Tests.ErrorValidationsTest@205d38da]" started-at="2024-11-07T14:06:38 IST" name="productErrorValidation" finished-at="2024-11-07T14:06:52 IST" duration-ms="13747" status="PASS">
          <reporter-output>
          </reporter-output>
        </test-method> <!-- productErrorValidation -->
        <test-method is-config="true" signature="tearDown()[pri:0, instance:swatikagalkarprojects.Tests.ErrorValidationsTest@205d38da]" started-at="2024-11-07T14:06:52 IST" name="tearDown" finished-at="2024-11-07T14:06:52 IST" duration-ms="85" status="PASS">
          <reporter-output>
          </reporter-output>
        </test-method> <!-- tearDown -->
      </class> <!-- swatikagalkarprojects.Tests.ErrorValidationsTest -->
    </test> <!-- Error Validations Test -->
    <test started-at="2024-11-07T14:06:33 IST" name="Submit Order Test" finished-at="2024-11-07T14:07:09 IST" duration-ms="36677">
      <class name="swatikagalkarprojects.Tests.SubmitOrderTest">
        <test-method is-config="true" signature="launchApplication()[pri:0, instance:swatikagalkarprojects.Tests.SubmitOrderTest@3b6d844d]" started-at="2024-11-07T14:06:33 IST" name="launchApplication" finished-at="2024-11-07T14:06:35 IST" duration-ms="2393" status="PASS">
          <reporter-output>
          </reporter-output>
        </test-method> <!-- launchApplication -->
        <test-method signature="submitOrder(java.util.HashMap)[pri:0, instance:swatikagalkarprojects.Tests.SubmitOrderTest@3b6d844d]" started-at="2024-11-07T14:06:35 IST" name="submitOrder" data-provider="getData" finished-at="2024-11-07T14:06:50 IST" duration-ms="14864" status="PASS">
          <params>
            <param index="0">
              <value>
                <![CDATA[{password=Iamking@000, product=ZARA COAT 3, email=anshika@gmail.com}]]>
              </value>
            </param>
          </params>
          <reporter-output>
          </reporter-output>
        </test-method> <!-- submitOrder -->
        <test-method is-config="true" signature="tearDown()[pri:0, instance:swatikagalkarprojects.Tests.SubmitOrderTest@3b6d844d]" started-at="2024-11-07T14:06:50 IST" name="tearDown" finished-at="2024-11-07T14:06:50 IST" duration-ms="61" status="PASS">
          <reporter-output>
          </reporter-output>
        </test-method> <!-- tearDown -->
        <test-method is-config="true" signature="launchApplication()[pri:0, instance:swatikagalkarprojects.Tests.SubmitOrderTest@3b6d844d]" started-at="2024-11-07T14:06:50 IST" name="launchApplication" finished-at="2024-11-07T14:06:52 IST" duration-ms="1960" status="PASS">
          <reporter-output>
          </reporter-output>
        </test-method> <!-- launchApplication -->
        <test-method signature="submitOrder(java.util.HashMap)[pri:0, instance:swatikagalkarprojects.Tests.SubmitOrderTest@3b6d844d]" started-at="2024-11-07T14:06:52 IST" name="submitOrder" data-provider="getData" finished-at="2024-11-07T14:07:07 IST" duration-ms="14609" status="PASS">
          <params>
            <param index="0">
              <value>
                <![CDATA[{password=HIgmail@123, product=ADIDAS ORIGINAL, email=swatikagalkar@gmail.com}]]>
              </value>
            </param>
          </params>
          <reporter-output>
          </reporter-output>
        </test-method> <!-- submitOrder -->
        <test-method is-config="true" signature="tearDown()[pri:0, instance:swatikagalkarprojects.Tests.SubmitOrderTest@3b6d844d]" started-at="2024-11-07T14:07:07 IST" name="tearDown" finished-at="2024-11-07T14:07:07 IST" duration-ms="96" status="PASS">
          <reporter-output>
          </reporter-output>
        </test-method> <!-- tearDown -->
        <test-method is-config="true" signature="launchApplication()[pri:0, instance:swatikagalkarprojects.Tests.SubmitOrderTest@3b6d844d]" started-at="2024-11-07T14:07:07 IST" name="launchApplication" finished-at="2024-11-07T14:07:08 IST" duration-ms="1678" status="PASS">
          <reporter-output>
          </reporter-output>
        </test-method> <!-- launchApplication -->
        <test-method signature="orderHistoryTest()[pri:0, instance:swatikagalkarprojects.Tests.SubmitOrderTest@3b6d844d]" started-at="2024-11-07T14:07:08 IST" name="orderHistoryTest" finished-at="2024-11-07T14:07:09 IST" depends-on-methods="swatikagalkarprojects.Tests.SubmitOrderTest.submitOrder" duration-ms="637" status="PASS">
          <reporter-output>
          </reporter-output>
        </test-method> <!-- orderHistoryTest -->
        <test-method is-config="true" signature="tearDown()[pri:0, instance:swatikagalkarprojects.Tests.SubmitOrderTest@3b6d844d]" started-at="2024-11-07T14:07:09 IST" name="tearDown" finished-at="2024-11-07T14:07:09 IST" duration-ms="89" status="PASS">
          <reporter-output>
          </reporter-output>
        </test-method> <!-- tearDown -->
      </class> <!-- swatikagalkarprojects.Tests.SubmitOrderTest -->
    </test> <!-- Submit Order Test -->
  </suite> <!-- Suite -->
</testng-results>
